mode: set
github.com/kanthorlabs/common/configuration/configuration.go:20.39,22.2 1 1
github.com/kanthorlabs/common/configuration/file.go:16.58,22.27 5 1
github.com/kanthorlabs/common/configuration/file.go:22.27,27.3 4 1
github.com/kanthorlabs/common/configuration/file.go:29.2,29.49 1 1
github.com/kanthorlabs/common/configuration/file.go:29.49,31.68 1 0
github.com/kanthorlabs/common/configuration/file.go:31.68,33.4 1 0
github.com/kanthorlabs/common/configuration/file.go:36.2,36.37 1 1
github.com/kanthorlabs/common/configuration/file.go:36.37,39.3 2 1
github.com/kanthorlabs/common/configuration/file.go:41.2,45.54 4 1
github.com/kanthorlabs/common/configuration/file.go:53.57,55.2 1 1
github.com/kanthorlabs/common/configuration/file.go:57.42,59.2 1 1
github.com/kanthorlabs/common/configuration/file.go:61.65,63.2 1 1
github.com/kanthorlabs/common/configuration/file.go:65.58,67.2 1 1
github.com/kanthorlabs/common/idx/compare.go:15.37,17.16 2 1
github.com/kanthorlabs/common/idx/compare.go:17.16,18.13 1 0
github.com/kanthorlabs/common/idx/compare.go:20.2,20.27 1 1
github.com/kanthorlabs/common/idx/compare.go:24.36,26.16 2 1
github.com/kanthorlabs/common/idx/compare.go:26.16,27.13 1 0
github.com/kanthorlabs/common/idx/compare.go:29.2,29.34 1 1
github.com/kanthorlabs/common/idx/idx.go:12.28,14.2 1 1
github.com/kanthorlabs/common/idx/idx.go:16.34,18.2 1 1
github.com/kanthorlabs/common/idx/idx.go:20.46,24.2 2 1
github.com/kanthorlabs/common/idx/idx.go:26.45,28.24 2 1
github.com/kanthorlabs/common/idx/idx.go:28.24,30.3 1 1
github.com/kanthorlabs/common/idx/idx.go:32.2,33.16 2 1
github.com/kanthorlabs/common/idx/idx.go:33.16,35.3 1 1
github.com/kanthorlabs/common/idx/idx.go:37.2,37.23 1 1
github.com/kanthorlabs/common/project/default.go:13.22,15.18 2 1
github.com/kanthorlabs/common/project/default.go:15.18,17.3 1 1
github.com/kanthorlabs/common/project/default.go:18.2,18.22 1 1
github.com/kanthorlabs/common/project/default.go:21.25,23.14 2 1
github.com/kanthorlabs/common/project/default.go:23.14,25.3 1 1
github.com/kanthorlabs/common/project/default.go:26.2,26.25 1 1
github.com/kanthorlabs/common/project/default.go:29.20,31.16 2 1
github.com/kanthorlabs/common/project/default.go:31.16,33.3 1 1
github.com/kanthorlabs/common/project/default.go:34.2,34.20 1 1
github.com/kanthorlabs/common/project/project.go:15.27,17.2 1 1
github.com/kanthorlabs/common/project/project.go:19.26,21.2 1 1
github.com/kanthorlabs/common/project/project.go:23.19,25.2 1 1
github.com/kanthorlabs/common/project/project.go:27.19,28.48 1 1
github.com/kanthorlabs/common/project/project.go:28.48,30.3 1 1
github.com/kanthorlabs/common/project/project.go:31.2,31.16 1 1
github.com/kanthorlabs/common/project/project.go:34.31,36.2 1 1
github.com/kanthorlabs/common/project/project.go:38.39,40.26 2 1
github.com/kanthorlabs/common/project/project.go:40.26,41.24 1 1
github.com/kanthorlabs/common/project/project.go:41.24,43.4 1 1
github.com/kanthorlabs/common/project/project.go:45.2,45.33 1 1
github.com/kanthorlabs/common/project/project.go:48.42,50.2 1 1
github.com/kanthorlabs/common/project/project.go:52.41,55.2 2 1
github.com/kanthorlabs/common/persistence/database/database.go:11.61,13.16 2 1
github.com/kanthorlabs/common/persistence/database/database.go:13.16,15.3 1 1
github.com/kanthorlabs/common/persistence/database/database.go:16.2,17.16 2 1
github.com/kanthorlabs/common/persistence/database/database.go:17.16,19.3 1 1
github.com/kanthorlabs/common/persistence/database/database.go:21.2,21.36 1 1
github.com/kanthorlabs/common/persistence/database/query.go:28.48,35.2 1 1
github.com/kanthorlabs/common/persistence/database/query.go:37.94,40.25 2 1
github.com/kanthorlabs/common/persistence/database/query.go:40.25,43.3 2 1
github.com/kanthorlabs/common/persistence/database/query.go:45.2,45.11 1 1
github.com/kanthorlabs/common/persistence/database/query.go:48.99,50.2 1 1
github.com/kanthorlabs/common/persistence/database/query.go:52.94,53.24 1 1
github.com/kanthorlabs/common/persistence/database/query.go:53.24,55.3 1 1
github.com/kanthorlabs/common/persistence/database/query.go:57.2,57.28 1 1
github.com/kanthorlabs/common/persistence/database/query.go:57.28,59.3 1 1
github.com/kanthorlabs/common/persistence/database/query.go:61.2,61.11 1 1
github.com/kanthorlabs/common/persistence/database/config/config.go:13.60,20.50 6 1
github.com/kanthorlabs/common/persistence/database/config/config.go:20.50,22.3 1 0
github.com/kanthorlabs/common/persistence/database/config/config.go:23.2,23.40 1 1
github.com/kanthorlabs/common/persistence/database/config/config.go:23.40,25.3 1 1
github.com/kanthorlabs/common/persistence/database/config/config.go:27.2,27.28 1 1
github.com/kanthorlabs/common/persistence/database/config/config.go:34.39,35.49 1 1
github.com/kanthorlabs/common/persistence/database/config/config.go:35.49,37.3 1 1
github.com/kanthorlabs/common/persistence/database/config/config.go:38.2,38.12 1 1
github.com/kanthorlabs/common/persistence/database/config/config.go:46.38,50.16 2 1
github.com/kanthorlabs/common/persistence/database/config/config.go:50.16,52.3 1 1
github.com/kanthorlabs/common/persistence/database/config/config.go:54.2,54.31 1 1
github.com/kanthorlabs/common/persistence/database/config/config.go:54.31,55.46 1 1
github.com/kanthorlabs/common/persistence/database/config/config.go:55.46,57.4 1 1
github.com/kanthorlabs/common/persistence/database/config/config.go:60.2,60.12 1 1
github.com/kanthorlabs/common/persistence/datastore/datastore.go:11.62,13.16 2 1
github.com/kanthorlabs/common/persistence/datastore/datastore.go:13.16,15.3 1 1
github.com/kanthorlabs/common/persistence/datastore/datastore.go:16.2,17.16 2 1
github.com/kanthorlabs/common/persistence/datastore/datastore.go:17.16,19.3 1 1
github.com/kanthorlabs/common/persistence/datastore/datastore.go:21.2,21.36 1 1
github.com/kanthorlabs/common/persistence/datastore/query.go:31.52,39.2 1 1
github.com/kanthorlabs/common/persistence/datastore/query.go:41.86,51.24 4 1
github.com/kanthorlabs/common/persistence/datastore/query.go:51.24,61.3 1 1
github.com/kanthorlabs/common/persistence/datastore/query.go:63.2,63.24 1 1
github.com/kanthorlabs/common/persistence/datastore/query.go:63.24,65.3 1 1
github.com/kanthorlabs/common/persistence/datastore/query.go:67.2,67.11 1 1
github.com/kanthorlabs/common/healthcheck/background/client.go:13.65,14.40 1 1
github.com/kanthorlabs/common/healthcheck/background/client.go:14.40,16.3 1 1
github.com/kanthorlabs/common/healthcheck/background/client.go:18.2,18.33 1 1
github.com/kanthorlabs/common/healthcheck/background/client.go:25.47,30.21 4 1
github.com/kanthorlabs/common/healthcheck/background/client.go:30.21,32.44 2 1
github.com/kanthorlabs/common/healthcheck/background/client.go:32.44,34.4 1 1
github.com/kanthorlabs/common/healthcheck/background/client.go:36.3,37.17 2 1
github.com/kanthorlabs/common/healthcheck/background/client.go:37.17,38.12 1 1
github.com/kanthorlabs/common/healthcheck/background/client.go:41.3,42.9 2 1
github.com/kanthorlabs/common/healthcheck/background/client.go:45.2,45.8 1 0
github.com/kanthorlabs/common/healthcheck/background/client.go:48.46,54.21 5 1
github.com/kanthorlabs/common/healthcheck/background/client.go:54.21,56.43 2 1
github.com/kanthorlabs/common/healthcheck/background/client.go:56.43,58.4 1 1
github.com/kanthorlabs/common/healthcheck/background/client.go:60.3,61.17 2 1
github.com/kanthorlabs/common/healthcheck/background/client.go:61.17,62.12 1 1
github.com/kanthorlabs/common/healthcheck/background/client.go:65.3,66.19 2 1
github.com/kanthorlabs/common/healthcheck/background/client.go:66.19,68.12 2 1
github.com/kanthorlabs/common/healthcheck/background/client.go:71.3,72.9 2 1
github.com/kanthorlabs/common/healthcheck/background/client.go:75.2,75.8 1 0
github.com/kanthorlabs/common/healthcheck/background/client.go:78.56,81.16 3 1
github.com/kanthorlabs/common/healthcheck/background/client.go:81.16,83.3 1 1
github.com/kanthorlabs/common/healthcheck/background/client.go:85.2,86.16 2 1
github.com/kanthorlabs/common/healthcheck/background/client.go:86.16,88.3 1 1
github.com/kanthorlabs/common/healthcheck/background/client.go:90.2,91.24 2 1
github.com/kanthorlabs/common/healthcheck/background/server.go:16.65,17.40 1 1
github.com/kanthorlabs/common/healthcheck/background/server.go:17.40,19.3 1 1
github.com/kanthorlabs/common/healthcheck/background/server.go:21.2,24.8 1 1
github.com/kanthorlabs/common/healthcheck/background/server.go:33.58,35.2 1 1
github.com/kanthorlabs/common/healthcheck/background/server.go:37.61,40.2 2 1
github.com/kanthorlabs/common/healthcheck/background/server.go:42.59,43.32 1 1
github.com/kanthorlabs/common/healthcheck/background/server.go:43.32,45.3 1 1
github.com/kanthorlabs/common/healthcheck/background/server.go:46.2,46.48 1 1
github.com/kanthorlabs/common/healthcheck/background/server.go:46.48,48.3 1 1
github.com/kanthorlabs/common/healthcheck/background/server.go:50.2,50.12 1 1
github.com/kanthorlabs/common/healthcheck/background/server.go:53.58,57.6 3 1
github.com/kanthorlabs/common/healthcheck/background/server.go:57.6,58.10 1 1
github.com/kanthorlabs/common/healthcheck/background/server.go:59.28,60.14 1 1
github.com/kanthorlabs/common/healthcheck/background/server.go:61.19,62.34 1 1
github.com/kanthorlabs/common/healthcheck/background/server.go:62.34,64.5 1 1
github.com/kanthorlabs/common/healthcheck/background/server.go:65.4,65.49 1 1
github.com/kanthorlabs/common/healthcheck/background/server.go:65.49,67.5 1 1
github.com/kanthorlabs/common/healthcheck/background/server.go:72.48,77.2 3 1
github.com/kanthorlabs/common/persistence/datastore/config/config.go:11.60,21.50 7 1
github.com/kanthorlabs/common/persistence/datastore/config/config.go:21.50,23.3 1 0
github.com/kanthorlabs/common/persistence/datastore/config/config.go:24.2,24.40 1 1
github.com/kanthorlabs/common/persistence/datastore/config/config.go:24.40,26.3 1 1
github.com/kanthorlabs/common/persistence/datastore/config/config.go:28.2,28.29 1 1
github.com/kanthorlabs/common/persistence/datastore/config/config.go:35.39,36.50 1 1
github.com/kanthorlabs/common/persistence/datastore/config/config.go:36.50,38.3 1 1
github.com/kanthorlabs/common/persistence/datastore/config/config.go:39.2,39.12 1 1
github.com/kanthorlabs/common/persistence/datastore/config/config.go:47.38,51.16 2 1
github.com/kanthorlabs/common/persistence/datastore/config/config.go:51.16,53.3 1 1
github.com/kanthorlabs/common/persistence/datastore/config/config.go:55.2,55.31 1 1
github.com/kanthorlabs/common/persistence/datastore/config/config.go:55.31,56.46 1 1
github.com/kanthorlabs/common/persistence/datastore/config/config.go:56.46,58.4 1 1
github.com/kanthorlabs/common/persistence/datastore/config/config.go:61.2,61.12 1 1
github.com/kanthorlabs/common/persistence/sqlx/config/config.go:21.38,26.16 2 1
github.com/kanthorlabs/common/persistence/sqlx/config/config.go:26.16,28.3 1 1
github.com/kanthorlabs/common/persistence/sqlx/config/config.go:30.2,30.51 1 1
github.com/kanthorlabs/common/persistence/sqlx/config/config.go:30.51,32.3 1 1
github.com/kanthorlabs/common/persistence/sqlx/config/config.go:34.2,34.12 1 1
github.com/kanthorlabs/common/persistence/sqlx/config/config.go:44.42,51.2 1 1
github.com/kanthorlabs/common/persistence/sqlx/gorm.go:14.76,26.45 4 1
github.com/kanthorlabs/common/persistence/sqlx/gorm.go:26.45,28.3 1 1
github.com/kanthorlabs/common/persistence/sqlx/gorm.go:28.8,30.3 1 1
github.com/kanthorlabs/common/persistence/sqlx/gorm.go:31.2,31.16 1 1
github.com/kanthorlabs/common/persistence/sqlx/gorm.go:31.16,33.3 1 1
github.com/kanthorlabs/common/persistence/sqlx/gorm.go:35.2,36.16 2 1
github.com/kanthorlabs/common/persistence/sqlx/gorm.go:36.16,38.3 1 0
github.com/kanthorlabs/common/persistence/sqlx/gorm.go:42.2,47.17 5 1
github.com/kanthorlabs/common/persistence/sqlx/logger.go:11.56,13.2 1 1
github.com/kanthorlabs/common/persistence/sqlx/logger.go:19.65,21.2 1 0
github.com/kanthorlabs/common/persistence/sqlx/logger.go:23.82,25.2 1 0
github.com/kanthorlabs/common/persistence/sqlx/logger.go:26.82,28.2 1 0
github.com/kanthorlabs/common/persistence/sqlx/logger.go:30.83,32.2 1 1
github.com/kanthorlabs/common/persistence/sqlx/logger.go:34.122,38.51 3 1
github.com/kanthorlabs/common/persistence/sqlx/logger.go:38.51,40.3 1 1
github.com/kanthorlabs/common/persistence/sqlx/logger.go:41.2,45.16 2 0
github.com/kanthorlabs/common/persistence/sqlx/logger.go:45.16,47.3 1 0
github.com/kanthorlabs/common/persistence/sqlx/logger.go:49.2,49.36 1 0
github.com/kanthorlabs/common/persistence/sqlx/sqlx.go:20.87,21.40 1 1
github.com/kanthorlabs/common/persistence/sqlx/sqlx.go:21.40,23.3 1 1
github.com/kanthorlabs/common/persistence/sqlx/sqlx.go:24.2,25.46 2 1
github.com/kanthorlabs/common/persistence/sqlx/sqlx.go:38.40,39.52 1 1
github.com/kanthorlabs/common/persistence/sqlx/sqlx.go:39.52,41.3 1 1
github.com/kanthorlabs/common/persistence/sqlx/sqlx.go:42.2,42.49 1 1
github.com/kanthorlabs/common/persistence/sqlx/sqlx.go:42.49,44.3 1 1
github.com/kanthorlabs/common/persistence/sqlx/sqlx.go:46.2,48.32 3 1
github.com/kanthorlabs/common/persistence/sqlx/sqlx.go:48.32,50.3 1 1
github.com/kanthorlabs/common/persistence/sqlx/sqlx.go:52.2,52.12 1 1
github.com/kanthorlabs/common/persistence/sqlx/sqlx.go:55.39,56.52 1 1
github.com/kanthorlabs/common/persistence/sqlx/sqlx.go:56.52,58.3 1 1
github.com/kanthorlabs/common/persistence/sqlx/sqlx.go:59.2,59.49 1 1
github.com/kanthorlabs/common/persistence/sqlx/sqlx.go:59.49,61.3 1 1
github.com/kanthorlabs/common/persistence/sqlx/sqlx.go:63.2,65.32 3 1
github.com/kanthorlabs/common/persistence/sqlx/sqlx.go:65.32,67.3 1 1
github.com/kanthorlabs/common/persistence/sqlx/sqlx.go:69.2,69.12 1 1
github.com/kanthorlabs/common/persistence/sqlx/sqlx.go:72.57,76.49 3 1
github.com/kanthorlabs/common/persistence/sqlx/sqlx.go:76.49,78.3 1 1
github.com/kanthorlabs/common/persistence/sqlx/sqlx.go:80.2,81.16 2 1
github.com/kanthorlabs/common/persistence/sqlx/sqlx.go:81.16,83.3 1 0
github.com/kanthorlabs/common/persistence/sqlx/sqlx.go:84.2,88.12 4 1
github.com/kanthorlabs/common/persistence/sqlx/sqlx.go:91.60,95.49 3 1
github.com/kanthorlabs/common/persistence/sqlx/sqlx.go:95.49,97.3 1 1
github.com/kanthorlabs/common/persistence/sqlx/sqlx.go:98.2,102.51 4 1
github.com/kanthorlabs/common/persistence/sqlx/sqlx.go:102.51,103.38 1 1
github.com/kanthorlabs/common/persistence/sqlx/sqlx.go:103.38,105.4 1 0
github.com/kanthorlabs/common/persistence/sqlx/sqlx.go:106.8,108.3 1 0
github.com/kanthorlabs/common/persistence/sqlx/sqlx.go:109.2,111.18 2 1
github.com/kanthorlabs/common/persistence/sqlx/sqlx.go:114.35,116.2 1 1
github.com/kanthorlabs/common/timer/timer.go:5.18,7.2 1 1
github.com/kanthorlabs/common/timer/timer.go:18.33,20.2 1 1
github.com/kanthorlabs/common/timer/timer.go:23.49,25.2 1 1
github.com/kanthorlabs/common/utils/number.go:3.88,4.11 1 1
github.com/kanthorlabs/common/utils/number.go:4.11,6.3 1 1
github.com/kanthorlabs/common/utils/number.go:7.2,7.10 1 1
github.com/kanthorlabs/common/utils/number.go:10.88,11.11 1 1
github.com/kanthorlabs/common/utils/number.go:11.11,13.3 1 1
github.com/kanthorlabs/common/utils/number.go:14.2,14.10 1 1
github.com/kanthorlabs/common/utils/os.go:9.35,10.78 1 1
github.com/kanthorlabs/common/utils/os.go:10.78,12.3 1 1
github.com/kanthorlabs/common/utils/os.go:14.2,16.24 2 1
github.com/kanthorlabs/common/utils/os.go:16.24,18.3 1 1
github.com/kanthorlabs/common/utils/os.go:20.2,21.16 2 1
github.com/kanthorlabs/common/utils/os.go:21.16,23.3 1 1
github.com/kanthorlabs/common/utils/os.go:25.2,25.11 1 0
github.com/kanthorlabs/common/utils/slice.go:3.85,4.21 1 1
github.com/kanthorlabs/common/utils/slice.go:4.21,6.3 1 1
github.com/kanthorlabs/common/utils/slice.go:7.2,7.20 1 1
github.com/kanthorlabs/common/utils/string.go:10.35,12.2 1 1
github.com/kanthorlabs/common/utils/string.go:14.34,15.18 1 1
github.com/kanthorlabs/common/utils/string.go:15.18,17.3 1 1
github.com/kanthorlabs/common/utils/string.go:18.2,19.22 2 1
github.com/kanthorlabs/common/utils/string.go:22.40,23.18 1 1
github.com/kanthorlabs/common/utils/string.go:23.18,25.3 1 1
github.com/kanthorlabs/common/utils/string.go:26.2,27.22 2 1
github.com/kanthorlabs/common/utils/string.go:30.33,33.30 3 1
github.com/kanthorlabs/common/utils/string.go:33.30,35.3 1 1
github.com/kanthorlabs/common/utils/string.go:37.2,37.16 1 1
github.com/kanthorlabs/common/validator/common.go:7.53,8.22 1 1
github.com/kanthorlabs/common/validator/common.go:8.22,9.19 1 1
github.com/kanthorlabs/common/validator/common.go:9.19,11.4 1 1
github.com/kanthorlabs/common/validator/common.go:12.3,12.13 1 1
github.com/kanthorlabs/common/validator/helpers.go:3.64,4.22 1 1
github.com/kanthorlabs/common/validator/helpers.go:4.22,5.35 1 1
github.com/kanthorlabs/common/validator/helpers.go:5.35,6.43 1 1
github.com/kanthorlabs/common/validator/helpers.go:6.43,8.5 1 1
github.com/kanthorlabs/common/validator/helpers.go:11.3,11.13 1 1
github.com/kanthorlabs/common/validator/helpers.go:15.77,16.22 1 1
github.com/kanthorlabs/common/validator/helpers.go:16.22,17.28 1 1
github.com/kanthorlabs/common/validator/helpers.go:17.28,18.50 1 1
github.com/kanthorlabs/common/validator/helpers.go:18.50,20.5 1 1
github.com/kanthorlabs/common/validator/helpers.go:23.3,23.13 1 1
github.com/kanthorlabs/common/validator/loop.go:5.55,6.22 1 1
github.com/kanthorlabs/common/validator/loop.go:6.22,7.20 1 1
github.com/kanthorlabs/common/validator/loop.go:7.20,9.4 1 1
github.com/kanthorlabs/common/validator/loop.go:10.3,10.23 1 1
github.com/kanthorlabs/common/validator/loop.go:10.23,12.4 1 1
github.com/kanthorlabs/common/validator/loop.go:13.3,13.13 1 1
github.com/kanthorlabs/common/validator/loop.go:17.65,18.22 1 1
github.com/kanthorlabs/common/validator/loop.go:18.22,19.24 1 1
github.com/kanthorlabs/common/validator/loop.go:19.24,21.4 1 1
github.com/kanthorlabs/common/validator/loop.go:22.3,22.13 1 1
github.com/kanthorlabs/common/validator/loop.go:26.71,27.22 1 1
github.com/kanthorlabs/common/validator/loop.go:27.22,28.20 1 1
github.com/kanthorlabs/common/validator/loop.go:28.20,30.4 1 1
github.com/kanthorlabs/common/validator/loop.go:31.3,31.23 1 1
github.com/kanthorlabs/common/validator/loop.go:31.23,33.4 1 1
github.com/kanthorlabs/common/validator/loop.go:34.3,34.13 1 1
github.com/kanthorlabs/common/validator/number.go:7.124,8.22 1 1
github.com/kanthorlabs/common/validator/number.go:8.22,9.22 1 1
github.com/kanthorlabs/common/validator/number.go:9.22,11.4 1 1
github.com/kanthorlabs/common/validator/number.go:12.3,12.13 1 1
github.com/kanthorlabs/common/validator/number.go:16.131,17.22 1 1
github.com/kanthorlabs/common/validator/number.go:17.22,18.21 1 1
github.com/kanthorlabs/common/validator/number.go:18.21,20.4 1 1
github.com/kanthorlabs/common/validator/number.go:21.3,21.13 1 1
github.com/kanthorlabs/common/validator/number.go:25.127,26.22 1 1
github.com/kanthorlabs/common/validator/number.go:26.22,27.22 1 1
github.com/kanthorlabs/common/validator/number.go:27.22,29.4 1 1
github.com/kanthorlabs/common/validator/number.go:30.3,30.13 1 1
github.com/kanthorlabs/common/validator/number.go:34.134,35.22 1 1
github.com/kanthorlabs/common/validator/number.go:35.22,36.21 1 1
github.com/kanthorlabs/common/validator/number.go:36.21,38.4 1 1
github.com/kanthorlabs/common/validator/number.go:39.3,39.13 1 1
github.com/kanthorlabs/common/validator/number.go:43.125,44.22 1 1
github.com/kanthorlabs/common/validator/number.go:44.22,45.18 1 1
github.com/kanthorlabs/common/validator/number.go:45.18,47.4 1 1
github.com/kanthorlabs/common/validator/number.go:48.3,48.18 1 1
github.com/kanthorlabs/common/validator/number.go:48.18,50.4 1 1
github.com/kanthorlabs/common/validator/number.go:51.3,51.13 1 1
github.com/kanthorlabs/common/validator/string.go:9.44,10.22 1 1
github.com/kanthorlabs/common/validator/string.go:10.22,11.37 1 1
github.com/kanthorlabs/common/validator/string.go:11.37,13.4 1 1
github.com/kanthorlabs/common/validator/string.go:14.3,14.13 1 1
github.com/kanthorlabs/common/validator/string.go:18.64,21.22 2 1
github.com/kanthorlabs/common/validator/string.go:21.22,22.18 1 1
github.com/kanthorlabs/common/validator/string.go:22.18,24.4 1 1
github.com/kanthorlabs/common/validator/string.go:26.3,26.36 1 1
github.com/kanthorlabs/common/validator/string.go:26.36,28.4 1 1
github.com/kanthorlabs/common/validator/string.go:30.3,30.13 1 1
github.com/kanthorlabs/common/validator/string.go:34.54,35.22 1 1
github.com/kanthorlabs/common/validator/string.go:35.22,36.55 1 1
github.com/kanthorlabs/common/validator/string.go:36.55,38.4 1 1
github.com/kanthorlabs/common/validator/string.go:39.3,39.75 1 1
github.com/kanthorlabs/common/validator/string.go:39.75,41.4 1 1
github.com/kanthorlabs/common/validator/string.go:42.3,42.13 1 1
github.com/kanthorlabs/common/validator/string.go:46.70,47.22 1 1
github.com/kanthorlabs/common/validator/string.go:47.22,48.27 1 1
github.com/kanthorlabs/common/validator/string.go:48.27,49.81 1 1
github.com/kanthorlabs/common/validator/string.go:49.81,51.5 1 1
github.com/kanthorlabs/common/validator/string.go:53.3,53.98 1 1
github.com/kanthorlabs/common/validator/string.go:57.39,58.22 1 1
github.com/kanthorlabs/common/validator/string.go:58.22,59.55 1 1
github.com/kanthorlabs/common/validator/string.go:59.55,61.4 1 1
github.com/kanthorlabs/common/validator/string.go:63.3,63.55 1 1
github.com/kanthorlabs/common/validator/string.go:63.55,65.4 1 1
github.com/kanthorlabs/common/validator/string.go:66.3,66.13 1 1
github.com/kanthorlabs/common/validator/string.go:70.53,71.22 1 1
github.com/kanthorlabs/common/validator/string.go:71.22,72.23 1 1
github.com/kanthorlabs/common/validator/string.go:72.23,74.4 1 1
github.com/kanthorlabs/common/validator/string.go:75.3,75.23 1 1
github.com/kanthorlabs/common/validator/string.go:75.23,77.4 1 1
github.com/kanthorlabs/common/validator/string.go:78.3,78.13 1 1
github.com/kanthorlabs/common/validator/string.go:82.63,83.22 1 1
github.com/kanthorlabs/common/validator/string.go:83.22,84.22 1 1
github.com/kanthorlabs/common/validator/string.go:84.22,86.4 1 1
github.com/kanthorlabs/common/validator/string.go:87.3,87.44 1 1
github.com/kanthorlabs/common/validator/string.go:91.57,93.26 2 1
github.com/kanthorlabs/common/validator/string.go:93.26,95.3 1 1
github.com/kanthorlabs/common/validator/string.go:97.2,97.22 1 1
github.com/kanthorlabs/common/validator/string.go:97.22,98.55 1 1
github.com/kanthorlabs/common/validator/string.go:98.55,100.4 1 1
github.com/kanthorlabs/common/validator/string.go:102.3,102.31 1 1
github.com/kanthorlabs/common/validator/string.go:102.31,104.4 1 1
github.com/kanthorlabs/common/validator/string.go:106.3,106.13 1 1
github.com/kanthorlabs/common/validator/validator.go:12.38,13.25 1 1
github.com/kanthorlabs/common/validator/validator.go:13.25,14.30 1 1
github.com/kanthorlabs/common/validator/validator.go:14.30,16.4 1 1
github.com/kanthorlabs/common/validator/validator.go:18.2,18.8 1 1
github.com/kanthorlabs/common/safe/map.go:11.26,12.20 1 1
github.com/kanthorlabs/common/safe/map.go:12.20,14.3 1 1
github.com/kanthorlabs/common/safe/map.go:17.44,25.2 5 1
github.com/kanthorlabs/common/safe/map.go:27.45,35.2 5 1
github.com/kanthorlabs/common/safe/map.go:37.30,39.2 1 1
github.com/kanthorlabs/common/safe/map.go:41.31,43.2 1 1
github.com/kanthorlabs/common/safe/map.go:45.39,47.2 1 1
github.com/kanthorlabs/common/safe/map.go:49.35,51.20 2 1
github.com/kanthorlabs/common/safe/map.go:51.20,52.28 1 1
github.com/kanthorlabs/common/safe/map.go:52.28,54.4 1 1
github.com/kanthorlabs/common/safe/map.go:56.2,56.13 1 1
github.com/kanthorlabs/common/safe/map.go:59.46,60.27 1 1
github.com/kanthorlabs/common/safe/map.go:60.27,62.3 1 1
github.com/kanthorlabs/common/safe/slice.go:10.41,15.2 3 1
github.com/kanthorlabs/common/safe/slice.go:17.33,19.2 1 1
github.com/kanthorlabs/common/safe/slice.go:21.32,23.2 1 1
